<?xml version="1.0" encoding="UTF-8"?>
<!-- Generated by org.testng.reporters.JUnitReportReporter -->
<testsuite ignored="0" hostname="Abhimaurya" failures="0" tests="5" name="endtoend.Register" time="49.104" errors="0" timestamp="19 Jan 2025 10:11:51 GMT" skipped="0">
  <testcase classname="endtoend.Register" name="RegistrationByProvidingExistingEmail" time="14.272"/>
  <testcase classname="endtoend.Register" name="RegistrationByProvidingDifferentPasswords" time="9.589"/>
  <testcase classname="endtoend.Register" name="RegistrationByNotprovidingConfirmPassword" time="8.913"/>
  <testcase classname="endtoend.Register" name="RegisterByProvidingValidCredentials" time="7.823"/>
  <testcase classname="endtoend.Register" name="RegistrationByWithoutSelectingPrivacyCheckBox" time="8.507"/>
</testsuite> <!-- endtoend.Register -->
